<?xml version="1.0" encoding="UTF-8"?>
<!-- Generated by org.testng.reporters.JUnitXMLReporter -->
<testsuite ignored="0" hostname="LTIN232602" failures="0" tests="3" name="chrometest" time="232.958" errors="0" timestamp="2024-02-06T10:41:33 IST">
  <testcase classname="testCases.TC_001_UpcomingBikes" name="upcomingBikes" time="137.564"/>
  <testcase classname="testCases.TC_002_usedCars" name="usedCars" time="68.131"/>
  <testcase classname="testCases.TC_003_LoginSignUp" name="sign" time="6.305"/>
</testsuite> <!-- chrometest -->
