<?xml version="1.0" encoding="UTF-8"?>
<!-- Generated by org.testng.reporters.JUnitXMLReporter -->
<testsuite ignored="0" hostname="LTIN232602" failures="0" tests="3" name="edgetest" time="242.858" errors="0" timestamp="2024-02-05T10:29:41 IST">
  <testcase classname="testCases.TC_001_UpcomingBikes" name="upcomingBikes" time="116.85"/>
  <testcase classname="testCases.TC_002_usedCars" name="usedCars" time="73.406"/>
  <testcase classname="testCases.TC_003_LoginSignUp" name="sign" time="4.827"/>
</testsuite> <!-- edgetest -->
