<?xml version="1.0" encoding="UTF-8"?>
<!-- Generated by org.testng.reporters.JUnitXMLReporter -->
<testsuite ignored="0" hostname="LTIN232602" failures="0" tests="3" name="edgetest" time="188.781" errors="0" timestamp="2024-02-05T12:20:17 IST">
  <testcase classname="testCases.TC_001_UpcomingBikes" name="upcomingBikes" time="68.591"/>
  <testcase classname="testCases.TC_002_usedCars" name="usedCars" time="68.289"/>
  <testcase classname="testCases.TC_003_LoginSignUp" name="sign" time="7.006"/>
</testsuite> <!-- edgetest -->
