<?xml version="1.0" encoding="UTF-8"?>
<testng-results ignored="0" total="3" passed="3" failed="0" skipped="0">
  <reporter-output>
  </reporter-output>
  <suite started-at="2024-02-06T10:37:40 IST" name="Suite" finished-at="2024-02-06T10:41:33 IST" duration-ms="232958">
    <groups>
      <group name="Master">
        <method signature="TC_001_UpcomingBikes.upcomingBikes()[pri:1, instance:testCases.TC_003_LoginSignUp@196a42c3]" name="upcomingBikes" class="testCases.TC_001_UpcomingBikes"/>
        <method signature="TC_002_usedCars.usedCars()[pri:2, instance:testCases.TC_003_LoginSignUp@196a42c3]" name="usedCars" class="testCases.TC_002_usedCars"/>
        <method signature="TC_003_LoginSignUp.sign()[pri:3, instance:testCases.TC_003_LoginSignUp@196a42c3]" name="sign" class="testCases.TC_003_LoginSignUp"/>
      </group> <!-- Master -->
      <group name="Sanity">
        <method signature="TC_003_LoginSignUp.sign()[pri:3, instance:testCases.TC_003_LoginSignUp@196a42c3]" name="sign" class="testCases.TC_003_LoginSignUp"/>
      </group> <!-- Sanity -->
      <group name="Regression">
        <method signature="TC_001_UpcomingBikes.upcomingBikes()[pri:1, instance:testCases.TC_003_LoginSignUp@196a42c3]" name="upcomingBikes" class="testCases.TC_001_UpcomingBikes"/>
        <method signature="TC_002_usedCars.usedCars()[pri:2, instance:testCases.TC_003_LoginSignUp@196a42c3]" name="usedCars" class="testCases.TC_002_usedCars"/>
      </group> <!-- Regression -->
    </groups>
    <test started-at="2024-02-06T10:37:40 IST" name="chrometest" finished-at="2024-02-06T10:41:33 IST" duration-ms="232958">
      <class name="testCases.TC_003_LoginSignUp">
        <test-method is-config="true" signature="setup(java.lang.String,java.lang.String)[pri:0, instance:testCases.TC_003_LoginSignUp@196a42c3]" started-at="2024-02-06T10:37:41 IST" name="setup" finished-at="2024-02-06T10:37:58 IST" duration-ms="17029" status="PASS">
          <params>
            <param index="0">
              <value>
                <![CDATA[edge]]>
              </value>
            </param>
            <param index="1">
              <value>
                <![CDATA[Windows]]>
              </value>
            </param>
          </params>
          <reporter-output>
          </reporter-output>
        </test-method> <!-- setup -->
        <test-method signature="upcomingBikes()[pri:1, instance:testCases.TC_003_LoginSignUp@196a42c3]" started-at="2024-02-06T10:37:58 IST" name="upcomingBikes" finished-at="2024-02-06T10:40:15 IST" duration-ms="137564" status="PASS">
          <reporter-output>
          </reporter-output>
        </test-method> <!-- upcomingBikes -->
        <test-method signature="usedCars()[pri:2, instance:testCases.TC_003_LoginSignUp@196a42c3]" started-at="2024-02-06T10:40:16 IST" name="usedCars" finished-at="2024-02-06T10:41:24 IST" duration-ms="68131" status="PASS">
          <reporter-output>
          </reporter-output>
        </test-method> <!-- usedCars -->
        <test-method signature="sign()[pri:3, instance:testCases.TC_003_LoginSignUp@196a42c3]" started-at="2024-02-06T10:41:25 IST" name="sign" finished-at="2024-02-06T10:41:31 IST" duration-ms="6305" status="PASS">
          <reporter-output>
          </reporter-output>
        </test-method> <!-- sign -->
        <test-method is-config="true" signature="tearDown()[pri:0, instance:testCases.TC_003_LoginSignUp@196a42c3]" started-at="2024-02-06T10:41:31 IST" name="tearDown" finished-at="2024-02-06T10:41:33 IST" duration-ms="1555" status="PASS">
          <reporter-output>
          </reporter-output>
        </test-method> <!-- tearDown -->
      </class> <!-- testCases.TC_003_LoginSignUp -->
    </test> <!-- chrometest -->
  </suite> <!-- Suite -->
</testng-results>
